Using pre-set license
Built from '2020.3/staging' branch; Version is '2020.3.5f1 (8095aa901b9b) revision 8426922'; Using compiler version '192528614'; Build Type 'Release'
OS: 'Windows 10 Education; OS build 19044.1288; Version 2009; 64bit' Language: 'en' Physical Memory: 32704 MB
BatchMode: 1, IsHumanControllingUs: 0, StartBugReporterOnCrash: 0, Is64bit: 1, IsPro: 0

 COMMAND LINE ARGUMENTS:
C:\Program Files\Unity\Hub\Editor\2020.3.5f1\Editor\Unity.exe
-adb2
-batchMode
-noUpm
-name
AssetImportWorker0
-projectPath
C:/Users/s192128/Documents/GitHub/BLASTR_GameJam_DATT/Skronklies Quest
-logFile
Logs/AssetImportWorker0.log
-srvPort
65402
Successfully changed project path to: C:/Users/s192128/Documents/GitHub/BLASTR_GameJam_DATT/Skronklies Quest
C:/Users/s192128/Documents/GitHub/BLASTR_GameJam_DATT/Skronklies Quest
Using Asset Import Pipeline V2.
Refreshing native plugins compatible for Editor in 42.24 ms, found 1 plugins.
Preloading 0 native plugins for Editor in 0.00 ms.
Initialize engine version: 2020.3.5f1 (8095aa901b9b)
[Subsystems] Discovering subsystems at path C:/Program Files/Unity/Hub/Editor/2020.3.5f1/Editor/Data/Resources/UnitySubsystems
[Subsystems] Discovering subsystems at path C:/Users/s192128/Documents/GitHub/BLASTR_GameJam_DATT/Skronklies Quest/Assets
GfxDevice: creating device client; threaded=0
Direct3D:
    Version:  Direct3D 11.0 [level 11.1]
    Renderer: NVIDIA GeForce GTX 960 (ID=0x1401)
    Vendor:   
    VRAM:     4053 MB
    Driver:   30.0.14.9676
Initialize mono
Mono path[0] = 'C:/Program Files/Unity/Hub/Editor/2020.3.5f1/Editor/Data/Managed'
Mono path[1] = 'C:/Program Files/Unity/Hub/Editor/2020.3.5f1/Editor/Data/MonoBleedingEdge/lib/mono/unityjit'
Mono config path = 'C:/Program Files/Unity/Hub/Editor/2020.3.5f1/Editor/Data/MonoBleedingEdge/etc'
Using monoOptions --debugger-agent=transport=dt_socket,embedding=1,server=y,suspend=n,address=127.0.0.1:56956
Begin MonoManager ReloadAssembly
Registering precompiled unity dll's ...
Register platform support module: C:/Program Files/Unity/Hub/Editor/2020.3.5f1/Editor/Data/PlaybackEngines/WebGLSupport/UnityEditor.WebGL.Extensions.dll
Register platform support module: C:/Program Files/Unity/Hub/Editor/2020.3.5f1/Editor/Data/PlaybackEngines/WindowsStandaloneSupport/UnityEditor.WindowsStandalone.Extensions.dll
Registered in 0.002655 seconds.
Native extension for WindowsStandalone target not found
Native extension for WebGL target not found
Refreshing native plugins compatible for Editor in 42.53 ms, found 1 plugins.
Preloading 0 native plugins for Editor in 0.00 ms.
Mono: successfully reloaded assembly
- Completed reload, in  2.470 seconds
Platform modules already initialized, skipping
Registering precompiled user dll's ...
Registered in 0.001043 seconds.
Begin MonoManager ReloadAssembly
Native extension for WindowsStandalone target not found
Native extension for WebGL target not found
Refreshing native plugins compatible for Editor in 38.84 ms, found 1 plugins.
Preloading 0 native plugins for Editor in 0.00 ms.
Mono: successfully reloaded assembly
- Completed reload, in  1.070 seconds
Platform modules already initialized, skipping
========================================================================
Worker process is ready to serve import requests
Launched and connected shader compiler UnityShaderCompiler.exe after 0.05 seconds
Refreshing native plugins compatible for Editor in 0.38 ms, found 1 plugins.
Preloading 0 native plugins for Editor in 0.00 ms.
Unloading 1810 Unused Serialized files (Serialized files now loaded: 0)
System memory in use before: 85.2 MB.
System memory in use after: 85.1 MB.

Unloading 23 unused Assets to reduce memory usage. Loaded Objects now: 2254.
Total: 2.766300 ms (FindLiveObjects: 0.521800 ms CreateObjectMapping: 0.122500 ms MarkObjects: 1.982300 ms  DeleteObjects: 0.138400 ms)

========================================================================
Received Import Request.
  path: Assets/Script
  artifactKey: Guid(211086559f77dff41bdaee51e2bca4e6) Importer(815301076,1909f56bfc062723c751e8b465ee728b)
Start importing Assets/Script using Guid(211086559f77dff41bdaee51e2bca4e6) Importer(815301076,1909f56bfc062723c751e8b465ee728b)  -> (artifact id: 'cb28b365e76eb4d05953eaf0e7dae99b') in 0.007895 seconds
  Import took 0.010799 seconds .

========================================================================
Received Import Request.
  Time since last request: 0.000221 seconds.
  path: Assets/Scenes/Bailey_Scene.unity
  artifactKey: Guid(9d96d299e7193b74ba5666c6644d96a7) Importer(815301076,1909f56bfc062723c751e8b465ee728b)
Start importing Assets/Scenes/Bailey_Scene.unity using Guid(9d96d299e7193b74ba5666c6644d96a7) Importer(815301076,1909f56bfc062723c751e8b465ee728b)  -> (artifact id: '2999d25cf42d3ada5bdde1914ae17ecd') in 0.015899 seconds
  Import took 0.020247 seconds .

========================================================================
Received Import Request.
  Time since last request: 6.695272 seconds.
  path: Assets/Script/GroundCheck.cs
  artifactKey: Guid(b7a1f6e6d64ca584d921308d86ceb876) Importer(815301076,1909f56bfc062723c751e8b465ee728b)
Start importing Assets/Script/GroundCheck.cs using Guid(b7a1f6e6d64ca584d921308d86ceb876) Importer(815301076,1909f56bfc062723c751e8b465ee728b)  -> (artifact id: '869a4ab6e16750bf1a859a44f53638af') in 0.025884 seconds
  Import took 0.031240 seconds .

========================================================================
Received Import Request.
  Time since last request: 0.000914 seconds.
  path: Assets/Script/GroundCheck.cs
  artifactKey: Guid(b7a1f6e6d64ca584d921308d86ceb876) Importer(815301076,1909f56bfc062723c751e8b465ee728b)
Start importing Assets/Script/GroundCheck.cs using Guid(b7a1f6e6d64ca584d921308d86ceb876) Importer(815301076,1909f56bfc062723c751e8b465ee728b)  -> (artifact id: '869a4ab6e16750bf1a859a44f53638af') in 0.002848 seconds
  Import took 0.007425 seconds .

========================================================================
Received Prepare
Registering precompiled user dll's ...
Registered in 0.001453 seconds.
Begin MonoManager ReloadAssembly
Native extension for WindowsStandalone target not found
Native extension for WebGL target not found
Refreshing native plugins compatible for Editor in 0.55 ms, found 1 plugins.
Preloading 0 native plugins for Editor in 0.00 ms.
Mono: successfully reloaded assembly
- Completed reload, in  1.073 seconds
Platform modules already initialized, skipping
Refreshing native plugins compatible for Editor in 0.63 ms, found 1 plugins.
Preloading 0 native plugins for Editor in 0.00 ms.
Unloading 1805 Unused Serialized files (Serialized files now loaded: 0)
System memory in use before: 85.0 MB.
System memory in use after: 85.0 MB.

Unloading 11 unused Assets to reduce memory usage. Loaded Objects now: 2259.
Total: 2.940700 ms (FindLiveObjects: 0.263100 ms CreateObjectMapping: 0.097700 ms MarkObjects: 2.479000 ms  DeleteObjects: 0.099100 ms)

========================================================================
Received Import Request.
  Time since last request: 12.380177 seconds.
  path: Assets/Script/CharacterMover.cs
  artifactKey: Guid(4f2713c140544e8429a55eb635570ced) Importer(815301076,1909f56bfc062723c751e8b465ee728b)
Start importing Assets/Script/CharacterMover.cs using Guid(4f2713c140544e8429a55eb635570ced) Importer(815301076,1909f56bfc062723c751e8b465ee728b)  -> (artifact id: '9876ba369688364683757326597a80a4') in 0.012433 seconds
  Import took 0.018771 seconds .

========================================================================
Received Prepare
Registering precompiled user dll's ...
Registered in 0.001581 seconds.
Begin MonoManager ReloadAssembly
Native extension for WindowsStandalone target not found
Native extension for WebGL target not found
Refreshing native plugins compatible for Editor in 0.34 ms, found 1 plugins.
Preloading 0 native plugins for Editor in 0.00 ms.
Mono: successfully reloaded assembly
- Completed reload, in  1.026 seconds
Platform modules already initialized, skipping
Refreshing native plugins compatible for Editor in 0.47 ms, found 1 plugins.
Preloading 0 native plugins for Editor in 0.00 ms.
Unloading 1805 Unused Serialized files (Serialized files now loaded: 0)
System memory in use before: 85.0 MB.
System memory in use after: 85.0 MB.

Unloading 11 unused Assets to reduce memory usage. Loaded Objects now: 2263.
Total: 2.513600 ms (FindLiveObjects: 0.267100 ms CreateObjectMapping: 0.163000 ms MarkObjects: 1.954000 ms  DeleteObjects: 0.128000 ms)

========================================================================
Received Import Request.
  Time since last request: 29.682618 seconds.
  path: Assets/Script/CharacterMover.cs
  artifactKey: Guid(4f2713c140544e8429a55eb635570ced) Importer(815301076,1909f56bfc062723c751e8b465ee728b)
Start importing Assets/Script/CharacterMover.cs using Guid(4f2713c140544e8429a55eb635570ced) Importer(815301076,1909f56bfc062723c751e8b465ee728b)  -> (artifact id: '8ecefb482ca52f502535486300b17d2d') in 0.005686 seconds
  Import took 0.009394 seconds .

========================================================================
Received Import Request.
  Time since last request: 2.167536 seconds.
  path: ProjectSettings/TagManager.asset
  artifactKey: Guid(00000000000000003000000000000000) Importer(815301076,1909f56bfc062723c751e8b465ee728b)
Start importing ProjectSettings/TagManager.asset using Guid(00000000000000003000000000000000) Importer(815301076,1909f56bfc062723c751e8b465ee728b)  -> (artifact id: '1c037ca2c5e51484f479ce63818a6327') in 0.015825 seconds
  Import took 0.019430 seconds .

========================================================================
Received Import Request.
  Time since last request: 0.002329 seconds.
  path: ProjectSettings/TagManager.asset
  artifactKey: Guid(00000000000000003000000000000000) Importer(815301076,1909f56bfc062723c751e8b465ee728b)
Start importing ProjectSettings/TagManager.asset using Guid(00000000000000003000000000000000) Importer(815301076,1909f56bfc062723c751e8b465ee728b)  -> (artifact id: '1c037ca2c5e51484f479ce63818a6327') in 0.002893 seconds
  Import took 0.006946 seconds .

========================================================================
Received Prepare
Registering precompiled user dll's ...
Registered in 0.001141 seconds.
Begin MonoManager ReloadAssembly
Native extension for WindowsStandalone target not found
Native extension for WebGL target not found
Refreshing native plugins compatible for Editor in 0.43 ms, found 1 plugins.
Preloading 0 native plugins for Editor in 0.00 ms.
Mono: successfully reloaded assembly
- Completed reload, in  0.957 seconds
Platform modules already initialized, skipping
Refreshing native plugins compatible for Editor in 0.35 ms, found 1 plugins.
Preloading 0 native plugins for Editor in 0.00 ms.
Unloading 1805 Unused Serialized files (Serialized files now loaded: 0)
System memory in use before: 85.1 MB.
System memory in use after: 85.1 MB.

Unloading 13 unused Assets to reduce memory usage. Loaded Objects now: 2267.
Total: 2.769900 ms (FindLiveObjects: 0.178500 ms CreateObjectMapping: 0.070400 ms MarkObjects: 2.368600 ms  DeleteObjects: 0.150700 ms)

